# JRE version: Java(TM) SE Runtime Environment 18.9 (11.0.14+8) (build 11.0.14+8-LTS-263)
# Java VM: Java HotSpot(TM) 64-Bit Server VM 18.9 (11.0.14+8-LTS-263, mixed mode, tiered, compressed oops, g1 gc, windows-amd64)
Heap:
 garbage-first heap   total 262144K, used 163997K [0x00000000e0000000, 0x0000000100000000)
  region size 1024K, 134 young (137216K), 12 survivors (12288K)
 Metaspace       used 70150K, capacity 72555K, committed 72652K, reserved 317440K
  class space    used 9204K, capacity 10105K, committed 10188K, reserved 253952K
GC Heap History (10 events):
Event: 3.446 GC heap before
{Heap before GC invocations=3 (full 0):
 garbage-first heap   total 262144K, used 66937K [0x00000000e0000000, 0x0000000100000000)
  region size 1024K, 60 young (61440K), 11 survivors (11264K)
 Metaspace       used 25662K, capacity 26243K, committed 26496K, reserved 278528K
  class space    used 3389K, capacity 3617K, committed 3712K, reserved 253952K
}
Event: 3.452 GC heap after
{Heap after GC invocations=4 (full 0):
 garbage-first heap   total 262144K, used 19310K [0x00000000e0000000, 0x0000000100000000)
  region size 1024K, 3 young (3072K), 3 survivors (3072K)
 Metaspace       used 25662K, capacity 26243K, committed 26496K, reserved 278528K
  class space    used 3389K, capacity 3617K, committed 3712K, reserved 253952K
}
Event: 4.229 GC heap before
{Heap before GC invocations=4 (full 0):
 garbage-first heap   total 262144K, used 89966K [0x00000000e0000000, 0x0000000100000000)
  region size 1024K, 74 young (75776K), 3 survivors (3072K)
 Metaspace       used 34961K, capacity 35794K, committed 35840K, reserved 286720K
  class space    used 4623K, capacity 4984K, committed 4992K, reserved 253952K
}
Event: 4.232 GC heap after
{Heap after GC invocations=5 (full 0):
 garbage-first heap   total 262144K, used 22318K [0x00000000e0000000, 0x0000000100000000)
  region size 1024K, 6 young (6144K), 6 survivors (6144K)
 Metaspace       used 34961K, capacity 35794K, committed 35840K, reserved 286720K
  class space    used 4623K, capacity 4984K, committed 4992K, reserved 253952K
}
Event: 5.377 GC heap before
{Heap before GC invocations=6 (full 0):
 garbage-first heap   total 262144K, used 158510K [0x00000000e0000000, 0x0000000100000000)
  region size 1024K, 136 young (139264K), 6 survivors (6144K)
 Metaspace       used 46494K, capacity 47630K, committed 47744K, reserved 296960K
  class space    used 6045K, capacity 6495K, committed 6528K, reserved 253952K
}
Event: 5.385 GC heap after
{Heap after GC invocations=7 (full 0):
 garbage-first heap   total 262144K, used 30749K [0x00000000e0000000, 0x0000000100000000)
  region size 1024K, 14 young (14336K), 14 survivors (14336K)
 Metaspace       used 46494K, capacity 47630K, committed 47744K, reserved 296960K
  class space    used 6045K, capacity 6495K, committed 6528K, reserved 253952K
}
Event: 6.756 GC heap before
{Heap before GC invocations=7 (full 0):
 garbage-first heap   total 262144K, used 173085K [0x00000000e0000000, 0x0000000100000000)
  region size 1024K, 153 young (156672K), 14 survivors (14336K)
 Metaspace       used 57061K, capacity 58904K, committed 59136K, reserved 305152K
  class space    used 7624K, capacity 8321K, committed 8448K, reserved 253952K
}
Event: 6.768 GC heap after
{Heap after GC invocations=8 (full 0):
 garbage-first heap   total 262144K, used 39549K [0x00000000e0000000, 0x0000000100000000)
  region size 1024K, 18 young (18432K), 18 survivors (18432K)
 Metaspace       used 57061K, capacity 58904K, committed 59136K, reserved 305152K
  class space    used 7624K, capacity 8321K, committed 8448K, reserved 253952K
}
Event: 7.742 GC heap before
{Heap before GC invocations=8 (full 0):
 garbage-first heap   total 262144K, used 109181K [0x00000000e0000000, 0x0000000100000000)
  region size 1024K, 87 young (89088K), 18 survivors (18432K)
 Metaspace       used 58231K, capacity 60094K, committed 60160K, reserved 307200K
  class space    used 7696K, capacity 8430K, committed 8448K, reserved 253952K
}
Event: 7.751 GC heap after
{Heap after GC invocations=9 (full 0):
 garbage-first heap   total 262144K, used 41117K [0x00000000e0000000, 0x0000000100000000)
  region size 1024K, 12 young (12288K), 12 survivors (12288K)
 Metaspace       used 58231K, capacity 60094K, committed 60160K, reserved 307200K
  class space    used 7696K, capacity 8430K, committed 8448K, reserved 253952K
}

